

times in msec
 clock   self+sourced   self:  sourced script
 clock   elapsed:              other lines

000.011  000.011: --- NVIM STARTING ---
000.053  000.042: event init
000.183  000.130: early init
014.436  014.253: locale set
014.496  000.060: init first window
015.009  000.513: inits 1
015.124  000.116: window checked
015.136  000.011: parsing arguments
016.093  000.299  000.299: require('vim.shared')
016.775  000.257  000.257: require('vim._options')
016.782  000.680  000.423: require('vim._editor')
016.787  001.090  000.111: require('vim._init_packages')
016.798  000.573: init lua interpreter
017.134  000.336: expanding arguments
017.169  000.034: inits 2
017.800  000.632: init highlight
017.805  000.005: waiting for UI
017.982  000.176: done waiting for UI
017.995  000.013: clear screen
018.244  000.249: init default mappings & autocommands
020.711  000.107  000.107: sourcing C:\Users\joech\scoop\apps\neovim\current\share\nvim\runtime\ftplugin.vim
021.201  000.066  000.066: sourcing C:\Users\joech\scoop\apps\neovim\current\share\nvim\runtime\indent.vim
022.546  000.075  000.075: require('vim.keymap')
022.736  000.435  000.360: require('settings.remap')
022.743  000.974  000.539: require('settings')
024.893  001.914  001.914: require('lazy')
024.940  000.014  000.014: require('ffi')
025.218  000.271  000.271: require('vim.loader')
025.594  000.190  000.190: require('vim.fs')
025.853  000.514  000.325: require('lazy.stats')
026.196  000.207  000.207: require('lazy.core.util')
026.423  000.219  000.219: require('lazy.core.config')
027.017  000.304  000.304: require('lazy.core.handler')
027.295  000.269  000.269: require('lazy.core.plugin')
027.344  000.914  000.341: require('lazy.core.loader')
028.193  000.256  000.256: require('settings.plugins')
028.473  000.247  000.247: require('settings.plugins.alpha')
028.665  000.172  000.172: require('settings.plugins.colorscheme')
028.867  000.178  000.178: require('settings.plugins.dap')
029.143  000.215  000.215: require('settings.plugins.leetcode')
029.551  000.208  000.208: require('settings.plugins.lspconfig')
029.801  000.219  000.219: require('settings.plugins.lspsaga')
030.003  000.170  000.170: require('settings.plugins.lualine')
030.182  000.162  000.162: require('settings.plugins.mason')
031.060  000.298  000.298: require('settings.plugins.nvim-cmp')
031.275  000.187  000.187: require('settings.plugins.nvim-tree')
031.812  000.193  000.193: require('settings.plugins.telescope')
032.169  000.188  000.188: require('settings.plugins.treesitter')
032.591  000.209  000.209: require('lazy.core.handler.event')
032.774  000.174  000.174: require('lazy.core.handler.ft')
032.948  000.166  000.166: require('lazy.core.handler.cmd')
033.144  000.187  000.187: require('lazy.core.handler.keys')
036.009  001.733  001.733: sourcing C:\Users\joech\scoop\apps\neovim\current\share\nvim\runtime/filetype.lua
038.350  000.234  000.234: require('rose-pine.config')
038.359  002.033  001.799: require('rose-pine')
041.570  001.658  001.658: require('mellifluous')
041.750  000.169  000.169: require('mellifluous.config')
042.264  000.210  000.210: require('mellifluous.utils.oklab')
042.275  000.364  000.153: require('mellifluous.color')
042.280  000.522  000.158: require('mellifluous.colors.sets.mellifluous')
049.761  000.359  000.359: require('vim.version')
051.924  000.293  000.293: require('mellifluous.colors')
052.218  000.187  000.187: require('mellifluous.colors.shades')
052.462  000.203  000.203: require('mellifluous.utils.shader')
052.921  000.175  000.175: require('mellifluous.utils.highlighter')
053.124  000.194  000.194: require('mellifluous.highlights')
053.349  000.217  000.217: require('mellifluous.highlights.general')
054.263  000.405  000.405: require('mellifluous.highlights.plugins')
054.533  000.260  000.260: require('mellifluous.highlights.plugins.treesitter')
055.059  000.215  000.215: require('mellifluous.highlights.plugins.neo_tree')
055.242  000.168  000.168: require('mellifluous.highlights.plugins.nvim_tree')
055.431  000.176  000.176: require('mellifluous.highlights.plugins.telescope')
055.693  000.178  000.178: require('mellifluous.highlights.plugins.gitsigns')
056.177  000.229  000.229: require('mellifluous.highlights.plugins.aerial')
056.377  000.189  000.189: require('mellifluous.highlights.plugins.indent_blankline')
056.603  000.215  000.215: require('mellifluous.highlights.plugins.startify')
056.837  000.225  000.225: require('mellifluous.highlights.plugins.nvim_notify')
057.025  000.177  000.177: require('mellifluous.highlights.plugins.cmp')
057.199  000.150  000.150: require('mellifluous.highlights.plugins.neorg')
057.508  000.172  000.172: require('mellifluous.highlights.plugins.semantic_tokens')
058.764  000.171  000.171: require('mellifluous.cli')
058.946  000.145  000.145: require('mellifluous.terminal')
059.151  009.917  005.213: sourcing C:\Users\joech\AppData\Local\nvim-data\lazy\mellifluous.nvim\colors\mellifluous.lua
061.527  000.305  000.305: sourcing C:\Users\joech\AppData\Local\nvim-data\lazy\vim-visual-multi\autoload\vm\plugs.vim
062.675  000.225  000.225: sourcing C:\Users\joech\AppData\Local\nvim-data\lazy\vim-visual-multi\autoload\vm\maps.vim
063.173  000.168  000.168: sourcing C:\Users\joech\AppData\Local\nvim-data\lazy\vim-visual-multi\autoload\vm\maps\all.vim
064.366  004.801  004.102: sourcing C:/Users/joech/AppData/Local/nvim-data/lazy/vim-visual-multi/plugin/visual-multi.vim
081.385  000.190  000.190: require('vim.treesitter.language')
081.405  000.427  000.238: require('vim.treesitter.query')
081.607  000.197  000.197: require('vim.treesitter._range')
081.620  000.914  000.290: require('vim.treesitter.languagetree')
081.630  007.684  006.770: require('vim.treesitter')
083.781  002.145  002.145: require('rainbow-delimiters.config')
083.975  000.180  000.180: require('rainbow-delimiters.log')
084.283  000.146  000.146: require('rainbow-delimiters.util')
084.293  000.309  000.164: require('rainbow-delimiters.lib')
084.753  000.138  000.138: require('rainbow-delimiters.stack')
084.763  000.303  000.165: require('rainbow-delimiters.strategy.global')
084.785  000.485  000.182: require('rainbow-delimiters.default')
084.851  014.463  003.660: sourcing C:/Users/joech/AppData/Local/nvim-data/lazy/rainbow-delimiters.nvim/plugin/rainbow-delimiters.lua
086.059  000.174  000.174: require('nvim-treesitter.utils')
087.192  001.125  001.125: require('nvim-treesitter.parsers')
088.344  000.251  000.251: require('nvim-treesitter.compat')
088.695  000.168  000.168: require('nvim-treesitter.ts_utils')
088.706  000.353  000.185: require('nvim-treesitter.tsrange')
088.865  000.154  000.154: require('nvim-treesitter.caching')
088.879  001.169  000.412: require('nvim-treesitter.query')
088.895  001.517  000.347: require('nvim-treesitter.configs')
088.901  001.700  000.183: require('nvim-treesitter.info')
089.085  000.180  000.180: require('nvim-treesitter.shell_command_selectors')
089.108  003.432  000.254: require('nvim-treesitter.install')
089.263  000.150  000.150: require('nvim-treesitter.statusline')
089.441  000.171  000.171: require('nvim-treesitter.query_predicates')
089.450  004.043  000.290: require('nvim-treesitter')
090.598  005.330  001.287: sourcing C:/Users/joech/AppData/Local/nvim-data/lazy/nvim-treesitter/plugin/nvim-treesitter.lua
100.629  000.227  000.227: require('nvim-treesitter.highlight')
101.109  000.169  000.169: require('rainbow-delimiters.strategy.local')
101.294  000.177  000.177: require('rainbow-delimiters.strategy.no-op')
101.302  000.583  000.237: require('rainbow-delimiters')
101.808  000.065  000.065: sourcing C:/Users/joech/AppData/Local/nvim-data/lazy/nvim-web-devicons/plugin/nvim-web-devicons.vim
102.286  000.156  000.156: sourcing C:/Users/joech/AppData/Local/nvim-data/lazy/lspsaga.nvim/plugin/lspsaga.lua
102.600  000.242  000.242: require('lspsaga')
103.081  000.160  000.160: require('lspsaga.lspkind')
103.090  000.348  000.188: require('lspsaga.highlight')
106.632  000.391  000.391: require('vim.lsp.log')
107.178  000.535  000.535: require('vim.lsp.protocol')
107.750  000.229  000.229: require('vim.lsp._snippet')
107.942  000.183  000.183: require('vim.highlight')
108.035  000.031  000.031: require('vim.F')
108.052  000.865  000.421: require('vim.lsp.util')
108.069  002.055  000.264: require('vim.lsp.handlers')
108.373  000.300  000.300: require('vim.lsp.rpc')
108.573  000.191  000.191: require('vim.lsp.sync')
108.814  000.233  000.233: require('vim.lsp.semantic_tokens')
109.108  000.286  000.286: require('vim.lsp.buf')
109.364  000.247  000.247: require('vim.lsp.diagnostic')
109.610  000.238  000.238: require('vim.lsp.codelens')
109.669  004.016  000.465: require('vim.lsp')
110.981  005.611  001.595: require('lspsaga.symbol')
115.439  000.169  000.169: sourcing C:\Users\joech\AppData\Local\nvim-data\lazy\vim-colortuner\autoload\colortuner.vim
115.779  002.579  002.410: sourcing C:/Users/joech/AppData/Local/nvim-data/lazy/vim-colortuner/plugin/colortuner.vim
118.579  000.254  000.254: require('ibl.utils')
118.596  000.478  000.224: require('ibl.config')
118.826  000.224  000.224: require('ibl.indent')
118.838  002.739  002.037: require('ibl.hooks')
119.228  000.190  000.190: require('ibl.highlights')
119.407  000.171  000.171: require('ibl.autocmds')
119.581  000.164  000.164: require('ibl.inlay_hints')
119.760  000.172  000.172: require('ibl.virt_text')
120.413  000.443  000.443: require('ibl.scope_languages')
120.440  000.673  000.230: require('ibl.scope')
120.454  001.603  000.234: require('ibl')
124.575  000.275  000.275: require('Comment.config')
125.074  000.212  000.212: require('Comment.ft')
125.085  000.499  000.287: require('Comment.utils')
125.240  000.150  000.150: require('Comment.opfunc')
125.392  000.145  000.145: require('Comment.extra')
125.401  003.782  002.713: require('Comment.api')
125.647  004.282  000.500: sourcing C:/Users/joech/AppData/Local/nvim-data/lazy/Comment.nvim/plugin/Comment.lua
125.923  000.159  000.159: require('Comment')
126.805  000.188  000.188: sourcing C:\Users\joech\scoop\apps\neovim\current\share\nvim\runtime/plugin/editorconfig.lua
127.577  000.406  000.406: sourcing C:\Users\joech\scoop\apps\neovim\current\share\nvim\runtime/plugin/gzip.vim
127.966  000.039  000.039: sourcing C:\Users\joech\scoop\apps\neovim\current\share\nvim\runtime/plugin/health.vim
128.571  000.263  000.263: sourcing C:\Users\joech\scoop\apps\neovim\current\share\nvim\runtime/plugin/man.lua
132.288  000.459  000.459: sourcing C:\Users\joech\scoop\apps\neovim\current\share\nvim\runtime\pack\dist\opt\matchit\plugin\matchit.vim
132.976  004.016  003.558: sourcing C:\Users\joech\scoop\apps\neovim\current\share\nvim\runtime/plugin/matchit.vim
133.578  000.260  000.260: sourcing C:\Users\joech\scoop\apps\neovim\current\share\nvim\runtime/plugin/matchparen.vim
134.616  000.684  000.684: sourcing C:\Users\joech\scoop\apps\neovim\current\share\nvim\runtime/plugin/netrwPlugin.vim
135.245  000.224  000.224: sourcing C:\Users\joech\scoop\apps\neovim\current\share\nvim\runtime/plugin/nvim.lua
136.268  000.625  000.625: sourcing C:\Users\joech\scoop\apps\neovim\current\share\nvim\runtime/plugin/rplugin.vim
136.753  000.116  000.116: sourcing C:\Users\joech\scoop\apps\neovim\current\share\nvim\runtime/plugin/shada.vim
137.182  000.054  000.054: sourcing C:\Users\joech\scoop\apps\neovim\current\share\nvim\runtime/plugin/spellfile.vim
137.813  000.270  000.270: sourcing C:\Users\joech\scoop\apps\neovim\current\share\nvim\runtime/plugin/tarPlugin.vim
138.361  000.168  000.168: sourcing C:\Users\joech\scoop\apps\neovim\current\share\nvim\runtime/plugin/tohtml.vim
138.779  000.052  000.052: sourcing C:\Users\joech\scoop\apps\neovim\current\share\nvim\runtime/plugin/tutor.vim
139.349  000.203  000.203: sourcing C:\Users\joech\scoop\apps\neovim\current\share\nvim\runtime/plugin/zipPlugin.vim
140.088  000.211  000.211: sourcing C:\Users\joech\AppData\Local\nvim-data\lazy\indent-blankline.nvim\after/plugin/commands.lua
140.186  117.439  042.956: require('settings.lazy')
140.193  118.503  000.090: sourcing C:\Users\joech\AppData\Local\nvim\init.lua
140.243  003.322: sourcing vimrc file(s)
143.235  000.167  000.167: sourcing C:\Users\joech\scoop\apps\neovim\current\share\nvim\runtime\filetype.lua
144.858  000.137  000.137: sourcing C:\Users\joech\scoop\apps\neovim\current\share\nvim\runtime\syntax\synload.vim
145.016  001.150  001.013: sourcing C:\Users\joech\scoop\apps\neovim\current\share\nvim\runtime\syntax\syntax.vim
145.036  003.476: inits 3
149.341  004.305: reading ShaDa
152.706  000.231  000.231: require('lualine_require')
153.399  003.536  003.305: require('lualine')
156.354  000.195  000.195: require('lualine.highlight')
158.905  000.182  000.182: require('lualine.utils.mode')
167.294  014.039: opening buffers
167.500  000.206: BufEnter autocommands
167.507  000.008: editing files in windows
171.121  000.106  000.106: sourcing C:/Users/joech/AppData/Local/nvim-data/lazy/plenary.nvim/plugin/plenary.vim
173.856  002.425  002.425: require('plenary.bit')
174.024  000.157  000.157: require('plenary.functional')
174.045  003.782  001.093: require('plenary.path')
174.218  000.166  000.166: require('alpha.themes.dashboard')
174.255  006.409  002.461: require('alpha.themes.theta')
175.906  000.428  000.428: require('nvim-web-devicons.icons-default')
176.039  000.802  000.374: require('nvim-web-devicons')
179.490  000.303  000.303: require('vim.inspect')
180.059  000.295  000.295: require('alpha')
194.138  000.089  000.089: sourcing C:\Users\joech\AppData\Local\nvim-data\lazy\vim-colortuner\autoload\colortuner\conv.vim
412.130  236.725: VimEnter autocommands
412.191  000.061: UIEnter autocommands
413.489  001.298: before starting main loop
414.232  000.742: first screen update
414.238  000.007: --- NVIM STARTED ---


times in msec
 clock   self+sourced   self:  sourced script
 clock   elapsed:              other lines

000.018  000.018: --- NVIM STARTING ---
000.069  000.051: event init
000.209  000.140: early init
014.035  013.826: locale set
014.124  000.088: init first window
014.909  000.786: inits 1
015.190  000.281: window checked
015.204  000.014: parsing arguments
016.194  000.311  000.311: require('vim.shared')
016.894  000.267  000.267: require('vim._options')
016.901  000.698  000.430: require('vim._editor')
016.905  001.124  000.115: require('vim._init_packages')
016.916  000.588: init lua interpreter
020.455  003.539: expanding arguments
020.519  000.064: inits 2
021.303  000.784: init highlight
